TN:
SF:src\middleware\transactionLogger.ts
FN:4,transactionLogger
FN:6,(anonymous_1)
FNF:2
FNH:0
FNDA:0,transactionLogger
FNDA:0,(anonymous_1)
DA:2,0
DA:4,0
DA:5,0
DA:6,0
DA:7,0
DA:9,0
DA:10,0
DA:12,0
DA:13,0
DA:24,0
DA:25,0
DA:34,0
DA:35,0
DA:39,0
LF:14
LH:0
BRDA:9,0,0,0
BRDA:9,0,1,0
BRDA:16,1,0,0
BRDA:16,1,1,0
BRDA:17,2,0,0
BRDA:17,2,1,0
BRDA:21,3,0,0
BRDA:21,3,1,0
BRDA:24,4,0,0
BRDA:24,4,1,0
BRDA:26,5,0,0
BRDA:26,5,1,0
BRDA:34,6,0,0
BRDA:34,6,1,0
BRF:14
BRH:0
end_of_record
TN:
SF:src\tabs\auth.ts
FN:19,passwordFeedback
FN:57,(anonymous_2)
FN:84,(anonymous_3)
FN:115,(anonymous_4)
FN:124,(anonymous_5)
FN:128,requireAuth
FN:142,(anonymous_7)
FN:178,(anonymous_8)
FN:183,(anonymous_9)
FN:262,(anonymous_10)
FN:306,(anonymous_11)
FN:338,(anonymous_12)
FN:383,(anonymous_13)
FN:428,(anonymous_14)
FN:451,(anonymous_15)
FN:464,(anonymous_16)
FN:488,(anonymous_17)
FN:514,(anonymous_18)
FNF:18
FNH:0
FNDA:0,passwordFeedback
FNDA:0,(anonymous_2)
FNDA:0,(anonymous_3)
FNDA:0,(anonymous_4)
FNDA:0,(anonymous_5)
FNDA:0,requireAuth
FNDA:0,(anonymous_7)
FNDA:0,(anonymous_8)
FNDA:0,(anonymous_9)
FNDA:0,(anonymous_10)
FNDA:0,(anonymous_11)
FNDA:0,(anonymous_12)
FNDA:0,(anonymous_13)
FNDA:0,(anonymous_14)
FNDA:0,(anonymous_15)
FNDA:0,(anonymous_16)
FNDA:0,(anonymous_17)
FNDA:0,(anonymous_18)
DA:1,0
DA:2,0
DA:3,0
DA:4,0
DA:5,0
DA:6,0
DA:7,0
DA:9,0
DA:11,0
DA:20,0
DA:21,0
DA:24,0
DA:25,0
DA:26,0
DA:27,0
DA:31,0
DA:32,0
DA:33,0
DA:34,0
DA:37,0
DA:38,0
DA:41,0
DA:42,0
DA:45,0
DA:46,0
DA:50,0
DA:51,0
DA:54,0
DA:57,0
DA:58,0
DA:59,0
DA:60,0
DA:63,0
DA:64,0
DA:66,0
DA:67,0
DA:70,0
DA:75,0
DA:76,0
DA:83,0
DA:84,0
DA:85,0
DA:86,0
DA:87,0
DA:90,0
DA:95,0
DA:97,0
DA:98,0
DA:99,0
DA:101,0
DA:102,0
DA:114,0
DA:115,0
DA:116,0
DA:117,0
DA:119,0
DA:120,0
DA:124,0
DA:125,0
DA:128,0
DA:129,0
DA:130,0
DA:131,0
DA:132,0
DA:133,0
DA:134,0
DA:135,0
DA:136,0
DA:138,0
DA:142,0
DA:143,0
DA:144,0
DA:149,0
DA:151,0
DA:152,0
DA:164,0
DA:174,0
DA:178,0
DA:183,0
DA:184,0
DA:185,0
DA:187,0
DA:188,0
DA:191,0
DA:192,0
DA:193,0
DA:196,0
DA:197,0
DA:198,0
DA:200,0
DA:201,0
DA:202,0
DA:204,0
DA:205,0
DA:206,0
DA:208,0
DA:209,0
DA:210,0
DA:212,0
DA:213,0
DA:214,0
DA:216,0
DA:217,0
DA:218,0
DA:220,0
DA:221,0
DA:222,0
DA:225,0
DA:226,0
DA:229,0
DA:230,0
DA:236,0
DA:241,0
DA:242,0
DA:245,0
DA:246,0
DA:257,0
DA:258,0
DA:262,0
DA:263,0
DA:264,0
DA:266,0
DA:267,0
DA:270,0
DA:272,0
DA:274,0
DA:279,0
DA:280,0
DA:284,0
DA:285,0
DA:286,0
DA:290,0
DA:293,0
DA:298,0
DA:300,0
DA:301,0
DA:306,0
DA:307,0
DA:309,0
DA:311,0
DA:318,0
DA:321,0
DA:326,0
DA:332,0
DA:333,0
DA:338,0
DA:339,0
DA:340,0
DA:342,0
DA:343,0
DA:346,0
DA:348,0
DA:353,0
DA:354,0
DA:358,0
DA:365,0
DA:367,0
DA:372,0
DA:374,0
DA:377,0
DA:378,0
DA:383,0
DA:384,0
DA:385,0
DA:387,0
DA:388,0
DA:391,0
DA:393,0
DA:398,0
DA:399,0
DA:403,0
DA:410,0
DA:412,0
DA:417,0
DA:419,0
DA:422,0
DA:423,0
DA:428,0
DA:429,0
DA:431,0
DA:432,0
DA:437,0
DA:438,0
DA:441,0
DA:445,0
DA:446,0
DA:451,0
DA:452,0
DA:454,0
DA:455,0
DA:464,0
DA:473,0
DA:475,0
DA:476,0
DA:481,0
DA:488,0
DA:489,0
DA:490,0
DA:492,0
DA:493,0
DA:496,0
DA:498,0
DA:501,0
DA:506,0
DA:508,0
DA:509,0
DA:514,0
DA:515,0
DA:517,0
DA:518,0
DA:523,0
DA:524,0
DA:527,0
DA:534,0
DA:536,0
DA:537,0
LF:216
LH:0
BRDA:24,0,0,0
BRDA:24,0,1,0
BRDA:26,1,0,0
BRDA:26,1,1,0
BRDA:31,2,0,0
BRDA:31,2,1,0
BRDA:32,3,0,0
BRDA:32,3,1,0
BRDA:33,4,0,0
BRDA:33,4,1,0
BRDA:34,5,0,0
BRDA:34,5,1,0
BRDA:37,6,0,0
BRDA:37,6,1,0
BRDA:37,7,0,0
BRDA:37,7,1,0
BRDA:41,8,0,0
BRDA:41,8,1,0
BRDA:45,9,0,0
BRDA:45,9,1,0
BRDA:45,10,0,0
BRDA:45,10,1,0
BRDA:45,10,2,0
BRDA:50,11,0,0
BRDA:50,11,1,0
BRDA:59,12,0,0
BRDA:59,12,1,0
BRDA:64,13,0,0
BRDA:64,13,1,0
BRDA:72,14,0,0
BRDA:72,14,1,0
BRDA:72,15,0,0
BRDA:72,15,1,0
BRDA:75,16,0,0
BRDA:75,16,1,0
BRDA:78,17,0,0
BRDA:78,17,1,0
BRDA:86,18,0,0
BRDA:86,18,1,0
BRDA:95,19,0,0
BRDA:95,19,1,0
BRDA:99,20,0,0
BRDA:99,20,1,0
BRDA:101,21,0,0
BRDA:101,21,1,0
BRDA:117,22,0,0
BRDA:117,22,1,0
BRDA:130,23,0,0
BRDA:130,23,1,0
BRDA:133,24,0,0
BRDA:133,24,1,0
BRDA:149,25,0,0
BRDA:149,25,1,0
BRDA:157,26,0,0
BRDA:157,26,1,0
BRDA:159,27,0,0
BRDA:159,27,1,0
BRDA:160,28,0,0
BRDA:160,28,1,0
BRDA:187,29,0,0
BRDA:187,29,1,0
BRDA:196,30,0,0
BRDA:196,30,1,0
BRDA:200,31,0,0
BRDA:200,31,1,0
BRDA:204,32,0,0
BRDA:204,32,1,0
BRDA:208,33,0,0
BRDA:208,33,1,0
BRDA:212,34,0,0
BRDA:212,34,1,0
BRDA:216,35,0,0
BRDA:216,35,1,0
BRDA:220,36,0,0
BRDA:220,36,1,0
BRDA:225,37,0,0
BRDA:225,37,1,0
BRDA:241,38,0,0
BRDA:241,38,1,0
BRDA:251,39,0,0
BRDA:251,39,1,0
BRDA:253,40,0,0
BRDA:253,40,1,0
BRDA:254,41,0,0
BRDA:254,41,1,0
BRDA:266,42,0,0
BRDA:266,42,1,0
BRDA:279,43,0,0
BRDA:279,43,1,0
BRDA:285,44,0,0
BRDA:285,44,1,0
BRDA:342,45,0,0
BRDA:342,45,1,0
BRDA:353,46,0,0
BRDA:353,46,1,0
BRDA:353,47,0,0
BRDA:353,47,1,0
BRDA:365,48,0,0
BRDA:365,48,1,0
BRDA:387,49,0,0
BRDA:387,49,1,0
BRDA:398,50,0,0
BRDA:398,50,1,0
BRDA:398,51,0,0
BRDA:398,51,1,0
BRDA:410,52,0,0
BRDA:410,52,1,0
BRDA:437,53,0,0
BRDA:437,53,1,0
BRDA:442,54,0,0
BRDA:442,54,1,0
BRDA:470,55,0,0
BRDA:470,55,1,0
BRDA:492,56,0,0
BRDA:492,56,1,0
BRDA:523,57,0,0
BRDA:523,57,1,0
BRDA:527,58,0,0
BRDA:527,58,1,0
BRF:119
BRH:0
end_of_record
TN:
SF:src\tabs\investments.ts
FN:11,(anonymous_1)
FN:36,(anonymous_2)
FN:44,(anonymous_3)
FN:60,(anonymous_4)
FN:67,(anonymous_5)
FN:72,(anonymous_6)
FN:86,(anonymous_7)
FNF:7
FNH:0
FNDA:0,(anonymous_1)
FNDA:0,(anonymous_2)
FNDA:0,(anonymous_3)
FNDA:0,(anonymous_4)
FNDA:0,(anonymous_5)
FNDA:0,(anonymous_6)
FNDA:0,(anonymous_7)
DA:1,0
DA:2,0
DA:3,0
DA:4,0
DA:5,0
DA:7,0
DA:9,0
DA:11,0
DA:12,0
DA:13,0
DA:14,0
DA:15,0
DA:16,0
DA:17,0
DA:18,0
DA:19,0
DA:20,0
DA:21,0
DA:22,0
DA:27,0
DA:28,0
DA:33,0
DA:36,0
DA:37,0
DA:38,0
DA:44,0
DA:60,0
DA:61,0
DA:62,0
DA:63,0
DA:64,0
DA:67,0
DA:68,0
DA:69,0
DA:72,0
DA:73,0
DA:78,0
DA:81,0
DA:82,0
DA:86,0
DA:87,0
DA:89,0
DA:91,0
LF:43
LH:0
BRDA:14,0,0,0
BRDA:14,0,1,0
BRDA:18,1,0,0
BRDA:18,1,1,0
BRDA:18,2,0,0
BRDA:18,2,1,0
BRDA:30,3,0,0
BRDA:30,3,1,0
BRDA:51,4,0,0
BRDA:51,4,1,0
BRDA:64,5,0,0
BRDA:64,5,1,0
BRDA:82,6,0,0
BRDA:82,6,1,0
BRDA:87,7,0,0
BRDA:87,7,1,0
BRF:16
BRH:0
end_of_record
TN:
SF:src\tabs\logs.ts
FN:7,(anonymous_0)
FN:13,(anonymous_1)
FN:26,(anonymous_2)
FN:43,(anonymous_3)
FN:56,(anonymous_4)
FN:62,(anonymous_5)
FN:63,(anonymous_6)
FN:67,mode
FNF:8
FNH:0
FNDA:0,(anonymous_0)
FNDA:0,(anonymous_1)
FNDA:0,(anonymous_2)
FNDA:0,(anonymous_3)
FNDA:0,(anonymous_4)
FNDA:0,(anonymous_5)
FNDA:0,(anonymous_6)
FNDA:0,mode
DA:1,0
DA:2,0
DA:3,0
DA:5,0
DA:7,0
DA:8,0
DA:9,0
DA:13,0
DA:23,0
DA:26,0
DA:27,0
DA:28,0
DA:34,0
DA:43,0
DA:53,0
DA:56,0
DA:57,0
DA:58,0
DA:62,0
DA:63,0
DA:64,0
DA:68,0
DA:69,0
DA:70,0
DA:71,0
DA:72,0
DA:73,0
LF:27
LH:0
BRDA:63,0,0,0
BRDA:63,0,1,0
BRDA:68,1,0,0
BRDA:68,1,1,0
BRDA:70,2,0,0
BRDA:70,2,1,0
BRDA:72,3,0,0
BRDA:72,3,1,0
BRF:8
BRH:0
end_of_record
TN:
SF:src\tabs\products.ts
FN:20,aiGenerateDescription
FN:41,mapProductRow
FN:59,(anonymous_3)
FN:75,(anonymous_4)
FN:103,(anonymous_5)
FN:110,(anonymous_6)
FN:116,(anonymous_7)
FN:125,(anonymous_8)
FN:136,(anonymous_9)
FNF:9
FNH:0
FNDA:0,aiGenerateDescription
FNDA:0,mapProductRow
FNDA:0,(anonymous_3)
FNDA:0,(anonymous_4)
FNDA:0,(anonymous_5)
FNDA:0,(anonymous_6)
FNDA:0,(anonymous_7)
FNDA:0,(anonymous_8)
FNDA:0,(anonymous_9)
DA:1,0
DA:2,0
DA:3,0
DA:4,0
DA:5,0
DA:7,0
DA:9,0
DA:21,0
DA:27,0
DA:35,0
DA:36,0
DA:38,0
DA:42,0
DA:43,0
DA:59,0
DA:60,0
DA:61,0
DA:62,0
DA:63,0
DA:64,0
DA:65,0
DA:70,0
DA:71,0
DA:75,0
DA:76,0
DA:77,0
DA:78,0
DA:79,0
DA:80,0
DA:81,0
DA:82,0
DA:92,0
DA:93,0
DA:94,0
DA:96,0
DA:97,0
DA:98,0
DA:99,0
DA:103,0
DA:104,0
DA:105,0
DA:106,0
DA:110,0
DA:111,0
DA:112,0
DA:116,0
DA:117,0
DA:118,0
DA:119,0
DA:120,0
DA:121,0
DA:125,0
DA:126,0
DA:127,0
DA:128,0
DA:129,0
DA:130,0
DA:135,0
DA:136,0
DA:137,0
DA:141,0
LF:61
LH:0
BRDA:35,0,0,0
BRDA:35,0,1,0
BRDA:36,1,0,0
BRDA:36,1,1,0
BRDA:38,2,0,0
BRDA:38,2,1,0
BRDA:38,3,0,0
BRDA:38,3,1,0
BRDA:42,4,0,0
BRDA:42,4,1,0
BRDA:50,5,0,0
BRDA:50,5,1,0
BRDA:51,6,0,0
BRDA:51,6,1,0
BRDA:61,7,0,0
BRDA:61,7,1,0
BRDA:63,8,0,0
BRDA:63,8,1,0
BRDA:68,9,0,0
BRDA:68,9,1,0
BRDA:68,10,0,0
BRDA:68,10,1,0
BRDA:78,11,0,0
BRDA:78,11,1,0
BRDA:96,12,0,0
BRDA:96,12,1,0
BRDA:120,13,0,0
BRDA:120,13,1,0
BRDA:128,14,0,0
BRDA:128,14,1,0
BRDA:135,15,0,0
BRDA:135,15,1,0
BRF:32
BRH:0
end_of_record
